<?xml version="1.0" encoding="UTF-8"?>
<!-- Generated by org.testng.reporters.JUnitXMLReporter -->
<testsuite hostname="kishor" ignored="0" name="Default test" tests="3" failures="0" timestamp="03 Dec 2019 06:33:49 GMT" time="153.09" errors="0">
  <testcase name="creartNewAccount" time="61.403" classname="com.testngdata.LoginTest"/>
  <testcase name="creartNewAccount" time="23.221" classname="com.testngdata.LoginTest"/>
  <testcase name="creartNewAccount" time="22.983" classname="com.testngdata.LoginTest"/>
</testsuite> <!-- Default test -->
