<?xml version="1.0" encoding="UTF-8"?>
<!-- Generated by org.testng.reporters.JUnitXMLReporter -->
<testsuite hostname="kishor" name="Test" tests="13" failures="0" timestamp="29 Sep 2019 07:05:05 GMT" time="31.218" errors="0">
  <testcase name="Verify_Url" time="0.026" classname="TestNgDemo.TestNgMaven.Login_TestCase"/>
  <testcase name="loginsesion" time="0.115" classname="TestNgDemo.TestNgMaven.Login_TestCase"/>
  <testcase name="Check_PlaceHolder_Username" time="0.108" classname="TestNgDemo.TestNgMaven.Login_TestCase"/>
  <testcase name="Check_PlaceHolder_Password" time="0.068" classname="TestNgDemo.TestNgMaven.Login_TestCase"/>
  <testcase name="check_Button_color" time="0.3" classname="TestNgDemo.TestNgMaven.Login_TestCase"/>
  <testcase name="check_Links" time="0.297" classname="TestNgDemo.TestNgMaven.Login_TestCase"/>
  <testcase name="blank_username_password" time="0.495" classname="TestNgDemo.TestNgMaven.Login_TestCase"/>
  <testcase name="invalidusername_password" time="4.434" classname="TestNgDemo.TestNgMaven.Login_TestCase"/>
  <testcase name="validUsername_Password" time="2.082" classname="TestNgDemo.TestNgMaven.Login_TestCase"/>
  <testcase name="click_OnUser" time="2.578" classname="TestNgDemo.TestNgMaven.Login_TestCase"/>
  <testcase name="getTableData" time="7.976" classname="TestNgDemo.TestNgMaven.Login_TestCase"/>
  <testcase name="Click_On_AddUser_Btn" time="2.42" classname="TestNgDemo.TestNgMaven.Login_TestCase"/>
  <testcase name="clickOn_OperatorBtn" time="10.191" classname="TestNgDemo.TestNgMaven.Login_TestCase"/>
</testsuite> <!-- Test -->
